{"total": {"lines":{"total":602,"covered":602,"skipped":0,"pct":100},"statements":{"total":602,"covered":602,"skipped":0,"pct":100},"functions":{"total":23,"covered":20,"skipped":0,"pct":86.95},"branches":{"total":90,"covered":86,"skipped":0,"pct":95.55},"branchesTrue":{"total":0,"covered":0,"skipped":0,"pct":100}}
,"/Users/alme/Desktop/JavaScript_utvecklare/Kurser/deployment_kurs/examination/strajk-bowling/src/components/BookingInfo/BookingInfo.jsx": {"lines":{"total":48,"covered":48,"skipped":0,"pct":100},"functions":{"total":1,"covered":1,"skipped":0,"pct":100},"statements":{"total":48,"covered":48,"skipped":0,"pct":100},"branches":{"total":1,"covered":1,"skipped":0,"pct":100}}
,"/Users/alme/Desktop/JavaScript_utvecklare/Kurser/deployment_kurs/examination/strajk-bowling/src/components/ErrorMessage/ErrorMessage.jsx": {"lines":{"total":8,"covered":8,"skipped":0,"pct":100},"functions":{"total":1,"covered":1,"skipped":0,"pct":100},"statements":{"total":8,"covered":8,"skipped":0,"pct":100},"branches":{"total":1,"covered":1,"skipped":0,"pct":100}}
,"/Users/alme/Desktop/JavaScript_utvecklare/Kurser/deployment_kurs/examination/strajk-bowling/src/components/Input/Input.jsx": {"lines":{"total":28,"covered":28,"skipped":0,"pct":100},"functions":{"total":1,"covered":1,"skipped":0,"pct":100},"statements":{"total":28,"covered":28,"skipped":0,"pct":100},"branches":{"total":5,"covered":5,"skipped":0,"pct":100}}
,"/Users/alme/Desktop/JavaScript_utvecklare/Kurser/deployment_kurs/examination/strajk-bowling/src/components/Navigation/Navigation.jsx": {"lines":{"total":18,"covered":18,"skipped":0,"pct":100},"functions":{"total":4,"covered":1,"skipped":0,"pct":25},"statements":{"total":18,"covered":18,"skipped":0,"pct":100},"branches":{"total":4,"covered":1,"skipped":0,"pct":25}}
,"/Users/alme/Desktop/JavaScript_utvecklare/Kurser/deployment_kurs/examination/strajk-bowling/src/components/Shoes/Shoes.jsx": {"lines":{"total":44,"covered":44,"skipped":0,"pct":100},"functions":{"total":3,"covered":3,"skipped":0,"pct":100},"statements":{"total":44,"covered":44,"skipped":0,"pct":100},"branches":{"total":4,"covered":4,"skipped":0,"pct":100}}
,"/Users/alme/Desktop/JavaScript_utvecklare/Kurser/deployment_kurs/examination/strajk-bowling/src/components/Top/Top.jsx": {"lines":{"total":10,"covered":10,"skipped":0,"pct":100},"functions":{"total":1,"covered":1,"skipped":0,"pct":100},"statements":{"total":10,"covered":10,"skipped":0,"pct":100},"branches":{"total":1,"covered":1,"skipped":0,"pct":100}}
,"/Users/alme/Desktop/JavaScript_utvecklare/Kurser/deployment_kurs/examination/strajk-bowling/src/views/Booking.jsx": {"lines":{"total":125,"covered":125,"skipped":0,"pct":100},"functions":{"total":11,"covered":11,"skipped":0,"pct":100},"statements":{"total":125,"covered":125,"skipped":0,"pct":100},"branches":{"total":39,"covered":38,"skipped":0,"pct":97.43}}
,"/Users/alme/Desktop/JavaScript_utvecklare/Kurser/deployment_kurs/examination/strajk-bowling/src/views/Booking.test.jsx": {"lines":{"total":194,"covered":194,"skipped":0,"pct":100},"functions":{"total":0,"covered":0,"skipped":0,"pct":100},"statements":{"total":194,"covered":194,"skipped":0,"pct":100},"branches":{"total":21,"covered":21,"skipped":0,"pct":100}}
,"/Users/alme/Desktop/JavaScript_utvecklare/Kurser/deployment_kurs/examination/strajk-bowling/src/views/Confirmation.jsx": {"lines":{"total":59,"covered":59,"skipped":0,"pct":100},"functions":{"total":1,"covered":1,"skipped":0,"pct":100},"statements":{"total":59,"covered":59,"skipped":0,"pct":100},"branches":{"total":6,"covered":6,"skipped":0,"pct":100}}
,"/Users/alme/Desktop/JavaScript_utvecklare/Kurser/deployment_kurs/examination/strajk-bowling/src/views/Confirmation.test.jsx": {"lines":{"total":68,"covered":68,"skipped":0,"pct":100},"functions":{"total":0,"covered":0,"skipped":0,"pct":100},"statements":{"total":68,"covered":68,"skipped":0,"pct":100},"branches":{"total":8,"covered":8,"skipped":0,"pct":100}}
}
