TN:
SF:src/components/BookingInfo/BookingInfo.jsx
FN:5,BookingInfo
FNF:1
FNH:1
FNDA:67,BookingInfo
DA:1,1
DA:3,1
DA:5,67
DA:6,67
DA:7,67
DA:8,67
DA:9,67
DA:10,67
DA:11,67
DA:12,67
DA:13,67
DA:14,67
DA:15,67
DA:16,67
DA:17,67
DA:18,67
DA:19,67
DA:20,67
DA:21,67
DA:22,67
DA:23,67
DA:24,67
DA:25,67
DA:26,67
DA:27,67
DA:28,67
DA:29,67
DA:30,67
DA:31,67
DA:32,67
DA:33,67
DA:34,67
DA:35,67
DA:36,67
DA:37,67
DA:38,67
DA:39,67
DA:40,67
DA:41,67
DA:42,67
DA:43,67
DA:44,67
DA:45,67
DA:46,67
DA:47,67
DA:48,67
DA:50,67
DA:52,1
LF:48
LH:48
BRDA:5,0,0,67
BRF:1
BRH:1
end_of_record
TN:
SF:src/components/ErrorMessage/ErrorMessage.jsx
FN:3,ErrorMessage
FNF:1
FNH:1
FNDA:4,ErrorMessage
DA:1,1
DA:3,4
DA:4,4
DA:5,4
DA:6,4
DA:7,4
DA:9,4
DA:11,1
LF:8
LH:8
BRDA:3,0,0,4
BRF:1
BRH:1
end_of_record
TN:
SF:src/components/Input/Input.jsx
FN:3,Input
FNF:1
FNH:1
FNDA:354,Input
DA:1,1
DA:3,354
DA:4,354
DA:5,354
DA:6,354
DA:7,354
DA:8,354
DA:9,354
DA:10,354
DA:11,354
DA:12,354
DA:13,354
DA:14,354
DA:15,354
DA:16,354
DA:17,354
DA:18,354
DA:19,354
DA:20,354
DA:21,354
DA:22,354
DA:23,354
DA:24,354
DA:25,354
DA:26,354
DA:27,354
DA:29,354
DA:31,1
LF:28
LH:28
BRDA:3,0,0,354
BRDA:20,1,0,287
BRDA:20,2,0,67
BRDA:23,3,0,12
BRDA:23,4,0,342
BRF:5
BRH:5
end_of_record
TN:
SF:src/components/Navigation/Navigation.jsx
FN:6,Navigation
FN:13,onClick
FN:15,onClick
FN:17,onClick
FNF:4
FNH:1
FNDA:71,Navigation
FNDA:0,onClick
FNDA:0,onClick
FNDA:0,onClick
DA:1,1
DA:2,1
DA:3,1
DA:4,1
DA:6,71
DA:7,71
DA:8,71
DA:10,71
DA:11,71
DA:12,71
DA:13,71
DA:14,71
DA:15,71
DA:16,71
DA:17,71
DA:18,71
DA:20,71
DA:22,1
LF:18
LH:18
BRDA:6,0,0,71
BRDA:11,1,0,0
BRDA:14,2,0,0
BRDA:16,3,0,0
BRF:4
BRH:1
end_of_record
TN:
SF:src/components/Shoes/Shoes.jsx
FN:6,Shoes
FN:23,onClick
FN:43,onClick
FNF:3
FNH:3
FNDA:67,Shoes
FNDA:1,onClick
FNDA:16,onClick
DA:1,1
DA:2,1
DA:4,1
DA:6,67
DA:7,67
DA:8,74
DA:9,74
DA:10,74
DA:11,74
DA:12,74
DA:13,74
DA:14,74
DA:15,74
DA:16,74
DA:17,74
DA:18,74
DA:19,74
DA:20,74
DA:21,74
DA:22,74
DA:23,74
DA:24,1
DA:25,1
DA:26,74
DA:28,74
DA:29,74
DA:32,74
DA:33,67
DA:35,67
DA:36,67
DA:37,67
DA:38,67
DA:39,67
DA:40,67
DA:41,67
DA:42,67
DA:43,67
DA:44,16
DA:45,16
DA:46,67
DA:48,67
DA:49,67
DA:51,67
DA:53,1
LF:44
LH:44
BRDA:6,0,0,67
BRDA:7,1,0,74
BRDA:23,2,0,1
BRDA:43,3,0,16
BRF:4
BRH:4
end_of_record
TN:
SF:src/components/Top/Top.jsx
FN:4,Top
FNF:1
FNH:1
FNDA:71,Top
DA:1,1
DA:2,1
DA:4,71
DA:5,71
DA:6,71
DA:7,71
DA:8,71
DA:9,71
DA:11,71
DA:13,1
LF:10
LH:10
BRDA:4,0,0,71
BRF:1
BRH:1
end_of_record
TN:
SF:src/views/Booking.jsx
FN:11,Booking
FN:22,updateBookingDetails
FN:32,updateSize
FN:45,addShoe
FN:51,removeShoe
FN:57,isShoeSizesFilled
FN:65,checkPlayersAndLanes
FN:74,sendBooking
FN:90,comparePeopleAndShoes
FN:94,saveConfirmation
FN:102,book
FNF:11
FNH:11
FNDA:67,Booking
FNDA:24,updateBookingDetails
FNDA:11,updateSize
FNDA:16,addShoe
FNDA:1,removeShoe
FNDA:4,isShoeSizesFilled
FNDA:3,checkPlayersAndLanes
FNDA:2,sendBooking
FNDA:5,comparePeopleAndShoes
FNDA:2,saveConfirmation
FNDA:6,book
DA:1,1
DA:2,1
DA:3,1
DA:5,1
DA:6,1
DA:7,1
DA:8,1
DA:9,1
DA:11,67
DA:12,67
DA:13,67
DA:14,67
DA:15,67
DA:16,67
DA:17,67
DA:18,67
DA:19,67
DA:20,67
DA:22,67
DA:23,24
DA:24,24
DA:26,24
DA:27,24
DA:28,24
DA:29,24
DA:30,24
DA:32,67
DA:33,11
DA:34,11
DA:36,11
DA:37,11
DA:38,11
DA:39,37
DA:40,11
DA:41,11
DA:42,11
DA:43,11
DA:45,67
DA:46,16
DA:48,16
DA:49,16
DA:51,67
DA:52,1
DA:54,1
DA:55,1
DA:57,67
DA:58,4
DA:60,4
DA:62,4
DA:63,4
DA:65,67
DA:66,3
DA:67,3
DA:69,3
DA:71,1
DA:72,3
DA:74,67
DA:75,2
DA:76,2
DA:77,2
DA:78,2
DA:79,2
DA:80,2
DA:81,2
DA:82,2
DA:83,2
DA:84,2
DA:85,2
DA:87,2
DA:88,2
DA:90,67
DA:91,5
DA:92,5
DA:94,67
DA:95,2
DA:96,2
DA:98,2
DA:99,2
DA:100,2
DA:102,67
DA:103,6
DA:105,6
DA:106,1
DA:107,6
DA:108,1
DA:109,5
DA:110,1
DA:111,4
DA:112,1
DA:113,1
DA:116,6
DA:117,4
DA:118,4
DA:119,4
DA:121,2
DA:122,2
DA:123,2
DA:124,2
DA:125,2
DA:126,2
DA:128,2
DA:130,2
DA:132,2
DA:133,2
DA:135,2
DA:136,2
DA:137,2
DA:138,6
DA:140,67
DA:141,67
DA:142,67
DA:143,67
DA:144,67
DA:145,67
DA:146,67
DA:147,67
DA:148,67
DA:149,67
DA:150,67
DA:151,67
DA:153,67
DA:154,67
DA:155,67
DA:157,67
DA:159,1
LF:125
LH:125
BRDA:11,0,0,67
BRDA:154,1,0,4
BRDA:154,2,0,63
BRDA:22,3,0,24
BRDA:26,4,0,24
BRDA:32,5,0,11
BRDA:36,6,0,0
BRDA:37,7,0,11
BRDA:38,8,0,37
BRDA:39,9,0,11
BRDA:39,10,0,26
BRDA:45,11,0,16
BRDA:51,12,0,1
BRDA:54,13,0,1
BRDA:57,14,0,4
BRDA:60,15,0,10
BRDA:60,16,0,9
BRDA:60,17,0,1
BRDA:65,18,0,3
BRDA:69,19,0,2
BRDA:69,20,0,1
BRDA:74,21,0,2
BRDA:90,22,0,5
BRDA:94,23,0,2
BRDA:95,24,0,2
BRDA:102,25,0,6
BRDA:105,26,0,5
BRDA:105,27,0,5
BRDA:105,28,0,5
BRDA:105,29,0,1
BRDA:107,30,0,5
BRDA:107,31,0,1
BRDA:109,32,0,4
BRDA:109,33,0,1
BRDA:111,34,0,3
BRDA:111,35,0,1
BRDA:116,36,0,4
BRDA:119,37,0,2
BRDA:125,38,0,4
BRF:39
BRH:38
end_of_record
TN:
SF:src/views/Booking.test.jsx
FNF:0
FNH:0
DA:1,1
DA:2,1
DA:3,1
DA:4,1
DA:5,1
DA:7,1
DA:8,1
DA:9,1
DA:10,1
DA:11,1
DA:12,1
DA:13,1
DA:15,1
DA:16,1
DA:17,1
DA:18,1
DA:20,1
DA:21,1
DA:22,1
DA:23,1
DA:25,1
DA:27,1
DA:28,1
DA:29,1
DA:30,1
DA:31,1
DA:32,1
DA:34,1
DA:35,1
DA:37,1
DA:38,1
DA:39,1
DA:40,1
DA:42,1
DA:43,1
DA:44,1
DA:45,1
DA:46,1
DA:47,1
DA:50,1
DA:51,1
DA:54,1
DA:55,1
DA:56,1
DA:58,1
DA:59,1
DA:60,1
DA:61,1
DA:62,1
DA:63,1
DA:65,1
DA:66,1
DA:68,1
DA:69,1
DA:71,1
DA:72,1
DA:74,1
DA:75,1
DA:76,1
DA:77,1
DA:78,1
DA:79,1
DA:81,1
DA:82,1
DA:83,1
DA:84,1
DA:86,1
DA:87,1
DA:88,1
DA:89,1
DA:91,1
DA:92,1
DA:95,1
DA:96,1
DA:99,1
DA:100,1
DA:101,1
DA:102,1
DA:104,1
DA:105,1
DA:106,1
DA:107,1
DA:108,1
DA:109,1
DA:111,1
DA:112,1
DA:113,1
DA:114,1
DA:117,1
DA:118,1
DA:119,1
DA:120,1
DA:123,1
DA:124,1
DA:126,1
DA:127,1
DA:129,1
DA:130,1
DA:132,1
DA:133,1
DA:134,1
DA:136,1
DA:138,1
DA:139,1
DA:140,1
DA:141,1
DA:142,1
DA:143,1
DA:145,1
DA:146,1
DA:148,1
DA:150,1
DA:151,1
DA:152,1
DA:155,1
DA:156,1
DA:157,1
DA:158,1
DA:159,1
DA:160,1
DA:162,1
DA:163,1
DA:164,1
DA:165,1
DA:168,1
DA:169,1
DA:170,1
DA:171,1
DA:174,1
DA:175,1
DA:176,5
DA:177,5
DA:179,1
DA:181,1
DA:182,5
DA:183,1
DA:185,1
DA:187,1
DA:190,1
DA:191,1
DA:192,1
DA:194,1
DA:195,1
DA:197,1
DA:198,1
DA:199,1
DA:200,1
DA:201,1
DA:202,1
DA:204,1
DA:205,1
DA:207,1
DA:208,1
DA:209,1
DA:210,1
DA:211,1
DA:212,1
DA:215,1
DA:216,1
DA:218,1
DA:219,1
DA:220,1
DA:221,1
DA:222,1
DA:223,1
DA:224,1
DA:225,1
DA:226,1
DA:229,1
DA:230,1
DA:231,1
DA:232,1
DA:235,1
DA:237,1
DA:238,3
DA:239,1
DA:241,1
DA:243,1
DA:244,3
DA:245,1
DA:247,1
DA:248,1
DA:251,1
DA:252,2
DA:253,1
DA:255,1
DA:258,1
DA:259,1
DA:260,1
DA:261,1
DA:264,1
DA:265,1
DA:267,1
DA:268,1
LF:194
LH:194
BRDA:7,0,0,1
BRDA:8,1,0,1
BRDA:27,2,0,1
BRDA:37,3,0,1
BRDA:42,4,0,1
BRDA:58,5,0,1
BRDA:74,6,0,1
BRDA:99,7,0,1
BRDA:104,8,0,1
BRDA:132,9,0,1
BRDA:138,10,0,1
BRDA:155,11,0,1
BRDA:175,12,0,5
BRDA:181,13,0,5
BRDA:190,14,0,1
BRDA:197,15,0,1
BRDA:207,16,0,1
BRDA:218,17,0,1
BRDA:237,18,0,3
BRDA:243,19,0,3
BRDA:251,20,0,2
BRF:21
BRH:21
end_of_record
TN:
SF:src/views/Confirmation.jsx
FN:8,Confirmation
FNF:1
FNH:1
FNDA:4,Confirmation
DA:1,1
DA:2,1
DA:4,1
DA:5,1
DA:6,1
DA:8,4
DA:9,4
DA:11,4
DA:12,4
DA:13,2
DA:15,4
DA:16,4
DA:17,4
DA:18,4
DA:19,4
DA:20,3
DA:21,3
DA:22,3
DA:23,3
DA:24,3
DA:25,3
DA:26,3
DA:27,3
DA:28,3
DA:29,3
DA:30,3
DA:31,3
DA:32,3
DA:33,3
DA:34,3
DA:35,3
DA:36,3
DA:37,3
DA:38,3
DA:39,3
DA:40,3
DA:41,3
DA:42,3
DA:43,3
DA:44,3
DA:45,3
DA:46,3
DA:47,3
DA:48,3
DA:49,3
DA:50,3
DA:51,3
DA:52,3
DA:53,3
DA:54,3
DA:55,3
DA:56,3
DA:57,3
DA:59,3
DA:60,3
DA:62,1
DA:64,4
DA:66,4
DA:68,1
LF:59
LH:59
BRDA:8,0,0,4
BRDA:12,1,0,2
BRDA:12,2,0,2
BRDA:19,3,0,2
BRDA:19,4,0,3
BRDA:60,5,0,1
BRF:6
BRH:6
end_of_record
TN:
SF:src/views/Confirmation.test.jsx
FNF:0
FNH:0
DA:1,1
DA:2,1
DA:3,1
DA:4,1
DA:5,1
DA:7,1
DA:9,1
DA:10,1
DA:11,1
DA:12,1
DA:13,1
DA:14,1
DA:15,1
DA:17,1
DA:18,1
DA:19,1
DA:20,1
DA:21,1
DA:22,1
DA:23,1
DA:24,1
DA:25,1
DA:28,1
DA:29,1
DA:30,1
DA:31,1
DA:33,1
DA:34,1
DA:35,1
DA:37,1
DA:40,1
DA:41,2
DA:42,1
DA:44,1
DA:46,1
DA:48,1
DA:51,1
DA:52,1
DA:53,1
DA:54,1
DA:55,1
DA:57,1
DA:59,1
DA:60,1
DA:62,1
DA:63,1
DA:64,1
DA:65,1
DA:66,1
DA:67,1
DA:68,1
DA:69,1
DA:71,1
DA:73,1
DA:74,1
DA:75,1
DA:76,1
DA:77,1
DA:79,1
DA:80,1
DA:81,1
DA:82,1
DA:84,1
DA:85,1
DA:87,1
DA:88,1
DA:89,1
LF:67
LH:67
BRDA:7,0,0,1
BRDA:9,1,0,1
BRDA:17,2,0,1
BRDA:40,3,0,2
BRDA:46,4,0,1
BRDA:48,5,0,1
BRDA:62,6,0,1
BRDA:71,7,0,1
BRF:8
BRH:8
end_of_record
