TN:
SF:src/components/BookingInfo/BookingInfo.jsx
FN:5,BookingInfo
FNF:1
FNH:1
FNDA:78,BookingInfo
DA:1,1
DA:3,1
DA:5,78
DA:6,78
DA:7,78
DA:8,78
DA:9,78
DA:10,78
DA:11,78
DA:12,78
DA:13,78
DA:14,78
DA:15,78
DA:16,78
DA:17,78
DA:18,78
DA:19,78
DA:20,78
DA:21,78
DA:22,78
DA:23,78
DA:24,78
DA:25,78
DA:26,78
DA:27,78
DA:28,78
DA:29,78
DA:30,78
DA:31,78
DA:32,78
DA:33,78
DA:34,78
DA:35,78
DA:36,78
DA:37,78
DA:38,78
DA:39,78
DA:40,78
DA:41,78
DA:42,78
DA:43,78
DA:44,78
DA:45,78
DA:46,78
DA:47,78
DA:48,78
DA:50,78
DA:52,1
LF:48
LH:48
BRDA:5,0,0,78
BRF:1
BRH:1
end_of_record
TN:
SF:src/components/ErrorMessage/ErrorMessage.jsx
FN:3,ErrorMessage
FNF:1
FNH:1
FNDA:4,ErrorMessage
DA:1,1
DA:3,4
DA:4,4
DA:5,4
DA:6,4
DA:7,4
DA:9,4
DA:11,1
LF:8
LH:8
BRDA:3,0,0,4
BRF:1
BRH:1
end_of_record
TN:
SF:src/components/Input/Input.jsx
FN:3,Input
FNF:1
FNH:1
FNDA:404,Input
DA:1,1
DA:3,404
DA:4,404
DA:5,404
DA:6,404
DA:7,404
DA:8,404
DA:9,404
DA:10,404
DA:11,404
DA:12,404
DA:13,404
DA:14,404
DA:15,404
DA:16,404
DA:17,404
DA:18,404
DA:19,404
DA:20,404
DA:21,404
DA:22,404
DA:23,404
DA:24,404
DA:25,404
DA:26,404
DA:27,404
DA:29,404
DA:31,1
LF:28
LH:28
BRDA:3,0,0,404
BRDA:20,1,0,326
BRDA:20,2,0,78
BRDA:23,3,0,12
BRDA:23,4,0,392
BRF:5
BRH:5
end_of_record
TN:
SF:src/components/Navigation/Navigation.jsx
FN:6,Navigation
FN:13,onClick
FN:15,onClick
FN:17,onClick
FNF:4
FNH:1
FNDA:82,Navigation
FNDA:0,onClick
FNDA:0,onClick
FNDA:0,onClick
DA:1,1
DA:2,1
DA:3,1
DA:4,1
DA:6,82
DA:7,82
DA:8,82
DA:10,82
DA:11,82
DA:12,82
DA:13,82
DA:14,82
DA:15,82
DA:16,82
DA:17,82
DA:18,82
DA:20,82
DA:22,1
LF:18
LH:18
BRDA:6,0,0,82
BRDA:11,1,0,0
BRDA:14,2,0,0
BRDA:16,3,0,0
BRF:4
BRH:1
end_of_record
TN:
SF:src/components/Shoes/Shoes.jsx
FN:6,Shoes
FN:23,onClick
FN:43,onClick
FNF:3
FNH:3
FNDA:78,Shoes
FNDA:1,onClick
FNDA:18,onClick
DA:1,1
DA:2,1
DA:4,1
DA:6,78
DA:7,78
DA:8,80
DA:9,80
DA:10,80
DA:11,80
DA:12,80
DA:13,80
DA:14,80
DA:15,80
DA:16,80
DA:17,80
DA:18,80
DA:19,80
DA:20,80
DA:21,80
DA:22,80
DA:23,80
DA:24,1
DA:25,1
DA:26,80
DA:28,80
DA:29,80
DA:32,80
DA:33,78
DA:35,78
DA:36,78
DA:37,78
DA:38,78
DA:39,78
DA:40,78
DA:41,78
DA:42,78
DA:43,78
DA:44,18
DA:45,18
DA:46,78
DA:48,78
DA:49,78
DA:51,78
DA:53,1
LF:44
LH:44
BRDA:6,0,0,78
BRDA:7,1,0,80
BRDA:23,2,0,1
BRDA:43,3,0,18
BRF:4
BRH:4
end_of_record
TN:
SF:src/components/Top/Top.jsx
FN:4,Top
FNF:1
FNH:1
FNDA:82,Top
DA:1,1
DA:2,1
DA:4,82
DA:5,82
DA:6,82
DA:7,82
DA:8,82
DA:9,82
DA:11,82
DA:13,1
LF:10
LH:10
BRDA:4,0,0,82
BRF:1
BRH:1
end_of_record
TN:
SF:src/views/Booking.jsx
FN:11,Booking
FN:22,updateBookingDetails
FN:32,updateSize
FN:45,addShoe
FN:51,removeShoe
FN:57,isShoeSizesFilled
FN:65,checkPlayersAndLanes
FN:74,sendBooking
FN:90,comparePeopleAndShoes
FN:94,saveConfirmation
FN:102,book
FNF:11
FNH:11
FNDA:78,Booking
FNDA:28,updateBookingDetails
FNDA:15,updateSize
FNDA:18,addShoe
FNDA:1,removeShoe
FNDA:4,isShoeSizesFilled
FNDA:3,checkPlayersAndLanes
FNDA:2,sendBooking
FNDA:5,comparePeopleAndShoes
FNDA:2,saveConfirmation
FNDA:6,book
DA:1,1
DA:2,1
DA:3,1
DA:5,1
DA:6,1
DA:7,1
DA:8,1
DA:9,1
DA:11,78
DA:12,78
DA:13,78
DA:14,78
DA:15,78
DA:16,78
DA:17,78
DA:18,78
DA:19,78
DA:20,78
DA:22,78
DA:23,28
DA:24,28
DA:26,28
DA:27,28
DA:28,28
DA:29,28
DA:30,28
DA:32,78
DA:33,15
DA:34,15
DA:36,15
DA:37,15
DA:38,15
DA:39,39
DA:40,15
DA:41,15
DA:42,15
DA:43,15
DA:45,78
DA:46,18
DA:48,18
DA:49,18
DA:51,78
DA:52,1
DA:54,1
DA:55,1
DA:57,78
DA:58,4
DA:60,4
DA:62,4
DA:63,4
DA:65,78
DA:66,3
DA:67,3
DA:69,3
DA:71,1
DA:72,3
DA:74,78
DA:75,2
DA:76,2
DA:77,2
DA:78,2
DA:79,2
DA:80,2
DA:81,2
DA:82,2
DA:83,2
DA:84,2
DA:85,2
DA:87,2
DA:88,2
DA:90,78
DA:91,5
DA:92,5
DA:94,78
DA:95,2
DA:96,2
DA:98,2
DA:99,2
DA:100,2
DA:102,78
DA:103,6
DA:105,6
DA:106,1
DA:107,6
DA:108,1
DA:109,5
DA:110,1
DA:111,4
DA:112,1
DA:113,1
DA:116,6
DA:117,4
DA:118,4
DA:119,4
DA:121,2
DA:122,2
DA:123,2
DA:124,2
DA:125,2
DA:126,2
DA:128,2
DA:130,2
DA:132,2
DA:133,2
DA:135,2
DA:136,2
DA:137,2
DA:138,6
DA:140,78
DA:141,78
DA:142,78
DA:143,78
DA:144,78
DA:145,78
DA:146,78
DA:147,78
DA:148,78
DA:149,78
DA:150,78
DA:151,78
DA:153,78
DA:154,78
DA:155,78
DA:157,78
DA:159,1
LF:125
LH:125
BRDA:11,0,0,78
BRDA:154,1,0,4
BRDA:154,2,0,74
BRDA:22,3,0,28
BRDA:26,4,0,28
BRDA:32,5,0,15
BRDA:36,6,0,0
BRDA:37,7,0,15
BRDA:38,8,0,39
BRDA:39,9,0,15
BRDA:39,10,0,24
BRDA:45,11,0,18
BRDA:51,12,0,1
BRDA:54,13,0,2
BRDA:57,14,0,4
BRDA:60,15,0,10
BRDA:60,16,0,9
BRDA:60,17,0,1
BRDA:65,18,0,3
BRDA:69,19,0,2
BRDA:69,20,0,1
BRDA:74,21,0,2
BRDA:90,22,0,5
BRDA:94,23,0,2
BRDA:95,24,0,2
BRDA:102,25,0,6
BRDA:105,26,0,5
BRDA:105,27,0,5
BRDA:105,28,0,5
BRDA:105,29,0,1
BRDA:107,30,0,5
BRDA:107,31,0,1
BRDA:109,32,0,4
BRDA:109,33,0,1
BRDA:111,34,0,3
BRDA:111,35,0,1
BRDA:116,36,0,4
BRDA:119,37,0,2
BRDA:125,38,0,4
BRF:39
BRH:38
end_of_record
TN:
SF:src/views/Booking.test.jsx
FNF:0
FNH:0
DA:1,1
DA:2,1
DA:3,1
DA:4,1
DA:5,1
DA:7,1
DA:8,1
DA:9,1
DA:10,1
DA:11,1
DA:12,1
DA:13,1
DA:15,1
DA:16,1
DA:17,1
DA:18,1
DA:20,1
DA:21,1
DA:22,1
DA:23,1
DA:25,1
DA:26,1
DA:27,1
DA:28,1
DA:30,1
DA:31,1
DA:32,1
DA:33,1
DA:35,1
DA:37,1
DA:38,1
DA:39,1
DA:40,1
DA:41,1
DA:42,1
DA:44,1
DA:45,1
DA:47,1
DA:48,1
DA:49,1
DA:50,1
DA:52,1
DA:53,1
DA:54,1
DA:55,1
DA:56,1
DA:57,1
DA:60,1
DA:61,1
DA:64,1
DA:65,1
DA:66,1
DA:68,1
DA:69,1
DA:70,1
DA:71,1
DA:72,1
DA:73,1
DA:75,1
DA:76,1
DA:78,1
DA:79,1
DA:81,1
DA:82,1
DA:84,1
DA:85,1
DA:86,1
DA:87,1
DA:88,1
DA:89,1
DA:91,1
DA:92,1
DA:93,1
DA:94,1
DA:96,1
DA:97,1
DA:98,1
DA:99,1
DA:101,1
DA:102,1
DA:104,1
DA:105,1
DA:106,1
DA:107,1
DA:108,1
DA:109,1
DA:111,1
DA:112,1
DA:113,1
DA:114,1
DA:115,1
DA:116,1
DA:118,1
DA:119,1
DA:120,1
DA:121,1
DA:123,1
DA:124,1
DA:125,1
DA:126,1
DA:128,1
DA:129,1
DA:132,1
DA:133,1
DA:136,1
DA:137,1
DA:138,1
DA:139,1
DA:141,1
DA:142,1
DA:143,1
DA:144,1
DA:145,1
DA:146,1
DA:148,1
DA:149,1
DA:150,1
DA:151,1
DA:154,1
DA:155,1
DA:156,1
DA:157,1
DA:160,1
DA:161,1
DA:163,1
DA:164,1
DA:166,1
DA:167,1
DA:169,1
DA:170,1
DA:171,1
DA:173,1
DA:175,1
DA:176,1
DA:177,1
DA:178,1
DA:179,1
DA:180,1
DA:182,1
DA:183,1
DA:185,1
DA:187,1
DA:188,1
DA:189,1
DA:192,1
DA:193,1
DA:194,1
DA:195,1
DA:196,1
DA:197,1
DA:199,1
DA:200,1
DA:201,1
DA:202,1
DA:205,1
DA:206,1
DA:207,1
DA:208,1
DA:211,1
DA:212,1
DA:213,5
DA:214,5
DA:216,1
DA:218,1
DA:219,5
DA:220,1
DA:222,1
DA:224,1
DA:227,1
DA:228,1
DA:229,1
DA:231,1
DA:232,1
DA:234,1
DA:235,1
DA:236,1
DA:237,1
DA:238,1
DA:239,1
DA:241,1
DA:243,1
DA:244,2
DA:246,2
DA:247,2
DA:248,1
DA:250,1
DA:251,1
DA:254,1
DA:256,1
DA:257,1
DA:258,1
DA:259,1
DA:261,1
DA:263,1
DA:264,1
DA:265,1
DA:266,1
DA:267,1
DA:268,1
DA:269,1
DA:270,1
DA:271,1
DA:274,1
DA:275,1
DA:276,1
DA:277,1
DA:280,1
DA:282,1
DA:283,3
DA:285,3
DA:286,3
DA:287,1
DA:289,1
DA:290,1
DA:293,1
DA:294,2
DA:295,1
DA:297,1
DA:300,1
DA:301,1
DA:302,1
DA:303,1
DA:306,1
DA:307,1
DA:309,1
DA:310,1
LF:226
LH:226
BRDA:7,0,0,1
BRDA:8,1,0,1
BRDA:37,2,0,1
BRDA:47,3,0,1
BRDA:52,4,0,1
BRDA:68,5,0,1
BRDA:84,6,0,1
BRDA:111,7,0,1
BRDA:136,8,0,1
BRDA:141,9,0,1
BRDA:169,10,0,1
BRDA:175,11,0,1
BRDA:192,12,0,1
BRDA:212,13,0,5
BRDA:218,14,0,5
BRDA:227,15,0,1
BRDA:234,16,0,1
BRDA:243,17,0,2
BRDA:256,18,0,1
BRDA:263,19,0,1
BRDA:282,20,0,3
BRDA:293,21,0,2
BRF:22
BRH:22
end_of_record
TN:
SF:src/views/Confirmation.jsx
FN:8,Confirmation
FNF:1
FNH:1
FNDA:4,Confirmation
DA:1,1
DA:2,1
DA:4,1
DA:5,1
DA:6,1
DA:8,4
DA:9,4
DA:11,4
DA:12,4
DA:13,2
DA:15,4
DA:16,4
DA:17,4
DA:18,4
DA:19,4
DA:20,3
DA:21,3
DA:22,3
DA:23,3
DA:24,3
DA:25,3
DA:26,3
DA:27,3
DA:28,3
DA:29,3
DA:30,3
DA:31,3
DA:32,3
DA:33,3
DA:34,3
DA:35,3
DA:36,3
DA:37,3
DA:38,3
DA:39,3
DA:40,3
DA:41,3
DA:42,3
DA:43,3
DA:44,3
DA:45,3
DA:46,3
DA:47,3
DA:48,3
DA:49,3
DA:50,3
DA:51,3
DA:52,3
DA:53,3
DA:54,3
DA:55,3
DA:56,3
DA:57,3
DA:59,3
DA:60,3
DA:62,1
DA:64,4
DA:66,4
DA:68,1
LF:59
LH:59
BRDA:8,0,0,4
BRDA:12,1,0,2
BRDA:12,2,0,2
BRDA:19,3,0,2
BRDA:19,4,0,3
BRDA:60,5,0,1
BRF:6
BRH:6
end_of_record
TN:
SF:src/views/Confirmation.test.jsx
FNF:0
FNH:0
DA:1,1
DA:2,1
DA:3,1
DA:4,1
DA:5,1
DA:7,1
DA:9,1
DA:10,1
DA:11,1
DA:12,1
DA:13,1
DA:14,1
DA:15,1
DA:17,1
DA:18,1
DA:19,1
DA:20,1
DA:21,1
DA:22,1
DA:23,1
DA:24,1
DA:25,1
DA:28,1
DA:29,1
DA:30,1
DA:31,1
DA:33,1
DA:34,1
DA:35,1
DA:37,1
DA:40,1
DA:41,2
DA:42,1
DA:44,1
DA:46,1
DA:48,1
DA:51,1
DA:52,1
DA:53,1
DA:54,1
DA:55,1
DA:57,1
DA:59,1
DA:60,1
DA:62,1
DA:63,1
DA:64,1
DA:65,1
DA:66,1
DA:67,1
DA:68,1
DA:69,1
DA:71,1
DA:73,1
DA:74,1
DA:75,1
DA:76,1
DA:77,1
DA:79,1
DA:80,1
DA:81,1
DA:82,1
DA:84,1
DA:85,1
DA:87,1
DA:88,1
LF:66
LH:66
BRDA:7,0,0,1
BRDA:9,1,0,1
BRDA:17,2,0,1
BRDA:40,3,0,2
BRDA:46,4,0,1
BRDA:48,5,0,1
BRDA:62,6,0,1
BRDA:71,7,0,1
BRF:8
BRH:8
end_of_record
